<?xml version="1.0" encoding="UTF-8"?>
<!-- Generated by org.testng.reporters.JUnitReportReporter -->
<testsuite hostname="Pavan_Laptop" failures="0" tests="3" name="product.SL_ErrorValidations" time="23.142" errors="0" timestamp="2022-11-15T06:58:11 IST" skipped="0">
  <testcase classname="product.SL_ErrorValidations" name="SL_Wrong_Credentials" time="2.324"/>
  <system-out/>
  <testcase classname="product.SL_ErrorValidations" name="SL_Password_Missing" time="2.245"/>
  <system-out/>
  <testcase classname="product.SL_ErrorValidations" name="SL_Username_MIssing" time="18.573"/>
  <system-out/>
</testsuite> <!-- product.SL_ErrorValidations -->
