<?xml version="1.0" encoding="UTF-8"?>
<!-- Generated by org.testng.reporters.JUnitReportReporter -->
<testsuite hostname="Pavan_Laptop" failures="0" tests="4" name="product.SL_Credentials_Verification_HashMap" time="12.983" errors="0" timestamp="2022-11-09T06:29:49 IST" skipped="0">
  <testcase classname="product.SL_Credentials_Verification_HashMap" name="SL_Users" time="3.140"/>
  <system-out/>
  <testcase classname="product.SL_Credentials_Verification_HashMap" name="SL_Users" time="3.403"/>
  <system-out/>
  <testcase classname="product.SL_Credentials_Verification_HashMap" name="SL_Users" time="2.948"/>
  <system-out/>
  <testcase classname="product.SL_Credentials_Verification_HashMap" name="SL_Users" time="3.492"/>
  <system-out/>
</testsuite> <!-- product.SL_Credentials_Verification_HashMap -->
