<?xml version="1.0" encoding="UTF-8"?>
<!-- Generated by org.testng.reporters.JUnitReportReporter -->
<testsuite hostname="Pavan_Laptop" failures="0" tests="1" name="product.SauceLabs" time="24.868" errors="0" timestamp="2022-11-15T06:58:11 IST" skipped="0">
  <testcase classname="product.SauceLabs" name="PurchaseOrder" time="24.868"/>
  <system-out/>
</testsuite> <!-- product.SauceLabs -->
