<?xml version="1.0" encoding="UTF-8"?>
<!-- Generated by org.testng.reporters.JUnitReportReporter -->
<testsuite hostname="Pavan_Laptop" failures="0" tests="4" name="product.SL_CredentialsVerification" time="20.136" errors="0" timestamp="2022-11-07T19:54:42 IST" skipped="0">
  <testcase classname="product.SL_CredentialsVerification" name="SL_Users" time="3.877"/>
  <system-out/>
  <testcase classname="product.SL_CredentialsVerification" name="SL_Users" time="4.002"/>
  <system-out/>
  <testcase classname="product.SL_CredentialsVerification" name="SL_Users" time="3.649"/>
  <system-out/>
  <testcase classname="product.SL_CredentialsVerification" name="SL_Users" time="8.608"/>
  <system-out/>
</testsuite> <!-- product.SL_CredentialsVerification -->
