<?xml version="1.0" encoding="UTF-8"?>
<!-- Generated by org.testng.reporters.JUnitReportReporter -->
<testsuite hostname="Pavan_Laptop" failures="0" tests="1" name="product.SL_Credentials_Verification" time="16.806" errors="0" timestamp="2022-11-17T07:03:44 IST" skipped="0">
  <testcase classname="product.SL_Credentials_Verification" name="SL_Users" time="16.806"/>
  <system-out/>
</testsuite> <!-- product.SL_Credentials_Verification -->
