<?xml version="1.0" encoding="UTF-8"?>
<!-- Generated by org.testng.reporters.JUnitReportReporter -->
<testsuite hostname="Pavan_Laptop" failures="0" tests="1" name="product.SauceLabs" time="5.992" errors="0" timestamp="2022-11-17T07:03:44 IST" skipped="0">
  <testcase classname="product.SauceLabs" name="PurchaseOrder" time="5.992"/>
  <system-out/>
</testsuite> <!-- product.SauceLabs -->
